The target system is: Generic -  - 
The host system is: Windows - 10.0.18363 - AMD64
Compiling the C compiler identification source file "CMakeCCompilerId.c" succeeded.
Compiler: D:/HPM6750/sdk_env_v1/toolchains/rv32imac-ilp32-multilib-win/bin/riscv32-unknown-elf-gcc.exe 
Build flags: 
Id flags:  

The output was:
0


Compilation of the C compiler identification source "CMakeCCompilerId.c" produced "a.out"

The C compiler identification is GNU, found in "D:/HPM6750/sdk_env_v1/hpm_sdk/samples/1_project/lwip_tcpecho_freertos/hpm6750evk_flash_sdram_xip_build/CMakeFiles/3.24.0/CompilerIdC/a.out"

Compiling the CXX compiler identification source file "CMakeCXXCompilerId.cpp" succeeded.
Compiler: D:/HPM6750/sdk_env_v1/toolchains/rv32imac-ilp32-multilib-win/bin/riscv32-unknown-elf-g++.exe 
Build flags: 
Id flags:  

The output was:
0


Compilation of the CXX compiler identification source "CMakeCXXCompilerId.cpp" produced "a.out"

The CXX compiler identification is GNU, found in "D:/HPM6750/sdk_env_v1/hpm_sdk/samples/1_project/lwip_tcpecho_freertos/hpm6750evk_flash_sdram_xip_build/CMakeFiles/3.24.0/CompilerIdCXX/a.out"

Checking whether the ASM compiler is GNU using "--version" matched "(GNU assembler)|(GCC)|(Free Software Foundation)":
riscv32-unknown-elf-gcc.exe (g) 11.1.0
Copyright (C) 2021 Free Software Foundation, Inc.
This is free software; see the source for copying conditions.  There is NO
warranty; not even for MERCHANTABILITY or FITNESS FOR A PARTICULAR PURPOSE.

